This is pdfTeX, Version 3.14159265-2.6-1.40.17 (TeX Live 2016) (preloaded format=pdflatex 2016.9.11)  26 AUG 2019 12:18
entering extended mode
 restricted \write18 enabled.
 %&-line parsing enabled.
**main.tex
(./main.tex
LaTeX2e <2016/03/31>
Babel <3.9r> and hyphenation patterns for 83 language(s) loaded.
(/usr/local/texlive/2016/texmf-dist/tex/latex/apa6/apa6.cls
Document Class: apa6 2014/11/20 v2.14 APA formatting (6th edition)
(/usr/local/texlive/2016/texmf-dist/tex/latex/base/article.cls
Document Class: article 2014/09/29 v1.4h Standard LaTeX document class
(/usr/local/texlive/2016/texmf-dist/tex/latex/base/size11.clo
File: size11.clo 2014/09/29 v1.4h Standard LaTeX file (size option)
)
\c@part=\count79
\c@section=\count80
\c@subsection=\count81
\c@subsubsection=\count82
\c@paragraph=\count83
\c@subparagraph=\count84
\c@figure=\count85
\c@table=\count86
\abovecaptionskip=\skip41
\belowcaptionskip=\skip42
\bibindent=\dimen102
)
(/usr/local/texlive/2016/texmf-dist/tex/latex/apacite/apacite.sty
Package: apacite 2013/07/21 v6.03 APA citation
\c@BibCnt=\count87
\bibleftmargin=\skip43
\bibindent=\skip44
\bibparsep=\skip45
\bibitemsep=\skip46
\biblabelsep=\skip47
)
(/usr/local/texlive/2016/texmf-dist/tex/latex/natbib/natbib.sty
Package: natbib 2010/09/13 8.31b (PWD, AO)
\bibhang=\skip48
\bibsep=\skip49
LaTeX Info: Redefining \cite on input line 694.
\c@NAT@ctr=\count88
)
LaTeX Info: Redefining \BBA on input line 213.
Class apa6 Info: The selected bibliography package, apacite and natbib, have be
en loaded on input line 213.

(/usr/local/texlive/2016/texmf-dist/tex/latex/lm/lmodern.sty
Package: lmodern 2009/10/30 v1.6 Latin Modern Fonts
LaTeX Font Info:    Overwriting symbol font `operators' in version `normal'
(Font)                  OT1/cmr/m/n --> OT1/lmr/m/n on input line 22.
LaTeX Font Info:    Overwriting symbol font `letters' in version `normal'
(Font)                  OML/cmm/m/it --> OML/lmm/m/it on input line 23.
LaTeX Font Info:    Overwriting symbol font `symbols' in version `normal'
(Font)                  OMS/cmsy/m/n --> OMS/lmsy/m/n on input line 24.
LaTeX Font Info:    Overwriting symbol font `largesymbols' in version `normal'
(Font)                  OMX/cmex/m/n --> OMX/lmex/m/n on input line 25.
LaTeX Font Info:    Overwriting symbol font `operators' in version `bold'
(Font)                  OT1/cmr/bx/n --> OT1/lmr/bx/n on input line 26.
LaTeX Font Info:    Overwriting symbol font `letters' in version `bold'
(Font)                  OML/cmm/b/it --> OML/lmm/b/it on input line 27.
LaTeX Font Info:    Overwriting symbol font `symbols' in version `bold'
(Font)                  OMS/cmsy/b/n --> OMS/lmsy/b/n on input line 28.
LaTeX Font Info:    Overwriting symbol font `largesymbols' in version `bold'
(Font)                  OMX/cmex/m/n --> OMX/lmex/m/n on input line 29.
LaTeX Font Info:    Overwriting math alphabet `\mathbf' in version `normal'
(Font)                  OT1/cmr/bx/n --> OT1/lmr/bx/n on input line 31.
LaTeX Font Info:    Overwriting math alphabet `\mathsf' in version `normal'
(Font)                  OT1/cmss/m/n --> OT1/lmss/m/n on input line 32.
LaTeX Font Info:    Overwriting math alphabet `\mathit' in version `normal'
(Font)                  OT1/cmr/m/it --> OT1/lmr/m/it on input line 33.
LaTeX Font Info:    Overwriting math alphabet `\mathtt' in version `normal'
(Font)                  OT1/cmtt/m/n --> OT1/lmtt/m/n on input line 34.
LaTeX Font Info:    Overwriting math alphabet `\mathbf' in version `bold'
(Font)                  OT1/cmr/bx/n --> OT1/lmr/bx/n on input line 35.
LaTeX Font Info:    Overwriting math alphabet `\mathsf' in version `bold'
(Font)                  OT1/cmss/bx/n --> OT1/lmss/bx/n on input line 36.
LaTeX Font Info:    Overwriting math alphabet `\mathit' in version `bold'
(Font)                  OT1/cmr/bx/it --> OT1/lmr/bx/it on input line 37.
LaTeX Font Info:    Overwriting math alphabet `\mathtt' in version `bold'
(Font)                  OT1/cmtt/m/n --> OT1/lmtt/m/n on input line 38.
)
(/usr/local/texlive/2016/texmf-dist/tex/latex/base/fontenc.sty
Package: fontenc 2005/09/27 v1.99g Standard LaTeX package

(/usr/local/texlive/2016/texmf-dist/tex/latex/base/t1enc.def
File: t1enc.def 2005/09/27 v1.99g Standard LaTeX file
LaTeX Font Info:    Redeclaring font encoding T1 on input line 48.
))
(/usr/local/texlive/2016/texmf-dist/tex/latex/geometry/geometry.sty
Package: geometry 2010/09/12 v5.6 Page Geometry

(/usr/local/texlive/2016/texmf-dist/tex/latex/graphics/keyval.sty
Package: keyval 2014/10/28 v1.15 key=value parser (DPC)
\KV@toks@=\toks14
)
(/usr/local/texlive/2016/texmf-dist/tex/generic/oberdiek/ifpdf.sty
Package: ifpdf 2016/05/14 v3.1 Provides the ifpdf switch
)
(/usr/local/texlive/2016/texmf-dist/tex/generic/oberdiek/ifvtex.sty
Package: ifvtex 2016/05/16 v1.6 Detect VTeX and its facilities (HO)
Package ifvtex Info: VTeX not detected.
)
(/usr/local/texlive/2016/texmf-dist/tex/generic/ifxetex/ifxetex.sty
Package: ifxetex 2010/09/12 v0.6 Provides ifxetex conditional
)
\Gm@cnth=\count89
\Gm@cntv=\count90
\c@Gm@tempcnt=\count91
\Gm@bindingoffset=\dimen103
\Gm@wd@mp=\dimen104
\Gm@odd@mp=\dimen105
\Gm@even@mp=\dimen106
\Gm@layoutwidth=\dimen107
\Gm@layoutheight=\dimen108
\Gm@layouthoffset=\dimen109
\Gm@layoutvoffset=\dimen110
\Gm@dimlist=\toks15
)
(/usr/local/texlive/2016/texmf-dist/tex/latex/graphics/graphicx.sty
Package: graphicx 2014/10/28 v1.0g Enhanced LaTeX Graphics (DPC,SPQR)

(/usr/local/texlive/2016/texmf-dist/tex/latex/graphics/graphics.sty
Package: graphics 2016/05/09 v1.0r Standard LaTeX Graphics (DPC,SPQR)

(/usr/local/texlive/2016/texmf-dist/tex/latex/graphics/trig.sty
Package: trig 2016/01/03 v1.10 sin cos tan (DPC)
)
(/usr/local/texlive/2016/texmf-dist/tex/latex/graphics-cfg/graphics.cfg
File: graphics.cfg 2016/01/02 v1.10 sample graphics configuration
)
Package graphics Info: Driver file: pdftex.def on input line 96.

(/usr/local/texlive/2016/texmf-dist/tex/latex/pdftex-def/pdftex.def
File: pdftex.def 2011/05/27 v0.06d Graphics/color for pdfTeX

(/usr/local/texlive/2016/texmf-dist/tex/generic/oberdiek/infwarerr.sty
Package: infwarerr 2016/05/16 v1.4 Providing info/warning/error messages (HO)
)
(/usr/local/texlive/2016/texmf-dist/tex/generic/oberdiek/ltxcmds.sty
Package: ltxcmds 2016/05/16 v1.23 LaTeX kernel commands for general use (HO)
)
\Gread@gobject=\count92
))
\Gin@req@height=\dimen111
\Gin@req@width=\dimen112
)
(/usr/local/texlive/2016/texmf-dist/tex/latex/booktabs/booktabs.sty
Package: booktabs 2016/04/27 v1.618033 publication quality tables
\heavyrulewidth=\dimen113
\lightrulewidth=\dimen114
\cmidrulewidth=\dimen115
\belowrulesep=\dimen116
\belowbottomsep=\dimen117
\aboverulesep=\dimen118
\abovetopsep=\dimen119
\cmidrulesep=\dimen120
\cmidrulekern=\dimen121
\defaultaddspace=\dimen122
\@cmidla=\count93
\@cmidlb=\count94
\@aboverulesep=\dimen123
\@belowrulesep=\dimen124
\@thisruleclass=\count95
\@lastruleclass=\count96
\@thisrulewidth=\dimen125
)
(/usr/local/texlive/2016/texmf-dist/tex/latex/threeparttable/threeparttable.sty
Package: threeparttable 2003/06/13  v 3.0
\@tempboxb=\box26
)
\b@level@one@skip=\skip50
\e@level@one@skip=\skip51
\b@level@two@skip=\skip52
\e@level@two@skip=\skip53
\b@level@three@skip=\skip54
\e@level@three@skip=\skip55
\b@level@four@skip=\skip56
\e@level@four@skip=\skip57
\b@level@five@skip=\skip58
\e@level@five@skip=\skip59
 (/usr/local/texlive/2016/texmf-dist/tex/latex/caption/caption.sty
Package: caption 2016/02/21 v3.3-144 Customizing captions (AR)

(/usr/local/texlive/2016/texmf-dist/tex/latex/caption/caption3.sty
Package: caption3 2016/02/04 v1.7-139 caption3 kernel (AR)
Package caption3 Info: TeX engine: e-TeX on input line 67.
\captionmargin=\dimen126
\captionmargin@=\dimen127
\captionwidth=\dimen128
\caption@tempdima=\dimen129
\caption@indent=\dimen130
\caption@parindent=\dimen131
\caption@hangindent=\dimen132
)
\c@ContinuedFloat=\count97
Package caption Info: threeparttable package is loaded.
)
\c@APAenum=\count98
\@text@par@indent=\skip60
\gr@box=\box27
\gr@boxwidth=\skip61
\gr@boxheight=\skip62

(/usr/local/texlive/2016/texmf-dist/tex/latex/tools/bm.sty
Package: bm 2016/02/27 v1.2a Bold Symbol Support (DPC/FMi)
\symboldoperators=\mathgroup4
\symboldletters=\mathgroup5
\symboldsymbols=\mathgroup6
LaTeX Font Info:    Redeclaring math alphabet \mathbf on input line 142.
LaTeX Info: Redefining \bm on input line 208.
)
\c@appendix=\count99

(/usr/local/texlive/2016/texmf-dist/tex/latex/fancyhdr/fancyhdr.sty
\fancy@headwidth=\skip63
\f@ncyO@elh=\skip64
\f@ncyO@erh=\skip65
\f@ncyO@olh=\skip66
\f@ncyO@orh=\skip67
\f@ncyO@elf=\skip68
\f@ncyO@erf=\skip69
\f@ncyO@olf=\skip70
\f@ncyO@orf=\skip71
))
(/usr/local/texlive/2016/texmf-dist/tex/generic/babel/babel.sty
Package: babel 2016/04/23 3.9r The Babel package

(/usr/local/texlive/2016/texmf-dist/tex/generic/babel-english/english.ldf
Language: english 2012/08/20 v3.3p English support from the babel system

(/usr/local/texlive/2016/texmf-dist/tex/generic/babel/babel.def
File: babel.def 2016/04/23 3.9r Babel common definitions
\babel@savecnt=\count100
\U@D=\dimen133
)
\l@canadian = a dialect from \language\l@american 
\l@australian = a dialect from \language\l@british 
\l@newzealand = a dialect from \language\l@british 
))
(/usr/local/texlive/2016/texmf-dist/tex/latex/base/inputenc.sty
Package: inputenc 2015/03/17 v1.2c Input encoding file
\inpenc@prehook=\toks16
\inpenc@posthook=\toks17

(/usr/local/texlive/2016/texmf-dist/tex/latex/ucs/utf8x.def
File: utf8x.def 2004/10/17 UCS: Input encoding UTF-8
))
(/usr/local/texlive/2016/texmf-dist/tex/latex/ucs/ucs.sty
Package: ucs 2013/05/11 v2.2 UCS: Unicode input support

(/usr/local/texlive/2016/texmf-dist/tex/latex/ucs/data/uni-global.def
File: uni-global.def 2013/05/13 UCS: Unicode global data
)
\uc@secondtry=\count101
\uc@combtoks=\toks18
\uc@combtoksb=\toks19
\uc@temptokena=\toks20
)
(/usr/local/texlive/2016/texmf-dist/tex/latex/amsmath/amsmath.sty
Package: amsmath 2016/03/10 v2.15b AMS math features
\@mathmargin=\skip72

For additional information on amsmath, use the `?' option.
(/usr/local/texlive/2016/texmf-dist/tex/latex/amsmath/amstext.sty
Package: amstext 2000/06/29 v2.01 AMS text

(/usr/local/texlive/2016/texmf-dist/tex/latex/amsmath/amsgen.sty
File: amsgen.sty 1999/11/30 v2.0 generic functions
\@emptytoks=\toks21
\ex@=\dimen134
))
(/usr/local/texlive/2016/texmf-dist/tex/latex/amsmath/amsbsy.sty
Package: amsbsy 1999/11/29 v1.2d Bold Symbols
LaTeX Info: Redefining \boldsymbol on input line 28.
\pmbraise@=\dimen135
)
(/usr/local/texlive/2016/texmf-dist/tex/latex/amsmath/amsopn.sty
Package: amsopn 2016/03/08 v2.02 operator names
)
\inf@bad=\count102
LaTeX Info: Redefining \frac on input line 199.
\uproot@=\count103
\leftroot@=\count104
LaTeX Info: Redefining \overline on input line 297.
\classnum@=\count105
\DOTSCASE@=\count106
LaTeX Info: Redefining \ldots on input line 394.
LaTeX Info: Redefining \dots on input line 397.
LaTeX Info: Redefining \cdots on input line 518.
\Mathstrutbox@=\box28
\strutbox@=\box29
\big@size=\dimen136
LaTeX Font Info:    Redeclaring font encoding OML on input line 634.
LaTeX Font Info:    Redeclaring font encoding OMS on input line 635.
\macc@depth=\count107
\c@MaxMatrixCols=\count108
\dotsspace@=\muskip10
\c@parentequation=\count109
\dspbrk@lvl=\count110
\tag@help=\toks22
\row@=\count111
\column@=\count112
\maxfields@=\count113
\andhelp@=\toks23
\eqnshift@=\dimen137
\alignsep@=\dimen138
\tagshift@=\dimen139
\tagwidth@=\dimen140
\totwidth@=\dimen141
\lineht@=\dimen142
\@envbody=\toks24
\multlinegap=\skip73
\multlinetaggap=\skip74
\mathdisplay@stack=\toks25
LaTeX Info: Redefining \[ on input line 2739.
LaTeX Info: Redefining \] on input line 2740.
)
(/usr/local/texlive/2016/texmf-dist/tex/latex/todonotes/todonotes.sty
Package: todonotes 2015/07/09 .dtx Todonotes source and documentation.
Package: todonotes 2012/07/25

(/usr/local/texlive/2016/texmf-dist/tex/latex/base/ifthen.sty
Package: ifthen 2014/09/29 v1.1c Standard LaTeX ifthen package (DPC)
)
(/usr/local/texlive/2016/texmf-dist/tex/latex/xkeyval/xkeyval.sty
Package: xkeyval 2014/12/03 v2.7a package option processing (HA)

(/usr/local/texlive/2016/texmf-dist/tex/generic/xkeyval/xkeyval.tex
(/usr/local/texlive/2016/texmf-dist/tex/generic/xkeyval/xkvutils.tex
\XKV@toks=\toks26
\XKV@tempa@toks=\toks27
)
\XKV@depth=\count114
File: xkeyval.tex 2014/12/03 v2.7a key=value parser (HA)
))
(/usr/local/texlive/2016/texmf-dist/tex/latex/xcolor/xcolor.sty
Package: xcolor 2016/05/11 v2.12 LaTeX color extensions (UK)

(/usr/local/texlive/2016/texmf-dist/tex/latex/graphics-cfg/color.cfg
File: color.cfg 2016/01/02 v1.6 sample color configuration
)
Package xcolor Info: Driver file: pdftex.def on input line 225.
Package xcolor Info: Model `cmy' substituted by `cmy0' on input line 1348.
Package xcolor Info: Model `hsb' substituted by `rgb' on input line 1352.
Package xcolor Info: Model `RGB' extended on input line 1364.
Package xcolor Info: Model `HTML' substituted by `rgb' on input line 1366.
Package xcolor Info: Model `Hsb' substituted by `hsb' on input line 1367.
Package xcolor Info: Model `tHsb' substituted by `hsb' on input line 1368.
Package xcolor Info: Model `HSB' substituted by `hsb' on input line 1369.
Package xcolor Info: Model `Gray' substituted by `gray' on input line 1370.
Package xcolor Info: Model `wave' substituted by `hsb' on input line 1371.
)
(/usr/local/texlive/2016/texmf-dist/tex/latex/pgf/frontendlayer/tikz.sty
(/usr/local/texlive/2016/texmf-dist/tex/latex/pgf/basiclayer/pgf.sty
(/usr/local/texlive/2016/texmf-dist/tex/latex/pgf/utilities/pgfrcs.sty
(/usr/local/texlive/2016/texmf-dist/tex/generic/pgf/utilities/pgfutil-common.te
x
\pgfutil@everybye=\toks28
\pgfutil@tempdima=\dimen143
\pgfutil@tempdimb=\dimen144

(/usr/local/texlive/2016/texmf-dist/tex/generic/pgf/utilities/pgfutil-common-li
sts.tex))
(/usr/local/texlive/2016/texmf-dist/tex/generic/pgf/utilities/pgfutil-latex.def
\pgfutil@abb=\box30
(/usr/local/texlive/2016/texmf-dist/tex/latex/ms/everyshi.sty
Package: everyshi 2001/05/15 v3.00 EveryShipout Package (MS)
))
(/usr/local/texlive/2016/texmf-dist/tex/generic/pgf/utilities/pgfrcs.code.tex
Package: pgfrcs 2015/08/07 v3.0.1a (rcs-revision 1.31)
))
Package: pgf 2015/08/07 v3.0.1a (rcs-revision 1.15)
(/usr/local/texlive/2016/texmf-dist/tex/latex/pgf/basiclayer/pgfcore.sty
(/usr/local/texlive/2016/texmf-dist/tex/latex/pgf/systemlayer/pgfsys.sty
(/usr/local/texlive/2016/texmf-dist/tex/generic/pgf/systemlayer/pgfsys.code.tex
Package: pgfsys 2014/07/09 v3.0.1a (rcs-revision 1.48)
(/usr/local/texlive/2016/texmf-dist/tex/generic/pgf/utilities/pgfkeys.code.tex
\pgfkeys@pathtoks=\toks29
\pgfkeys@temptoks=\toks30

(/usr/local/texlive/2016/texmf-dist/tex/generic/pgf/utilities/pgfkeysfiltered.c
ode.tex
\pgfkeys@tmptoks=\toks31
))
\pgf@x=\dimen145
\pgf@y=\dimen146
\pgf@xa=\dimen147
\pgf@ya=\dimen148
\pgf@xb=\dimen149
\pgf@yb=\dimen150
\pgf@xc=\dimen151
\pgf@yc=\dimen152
\w@pgf@writea=\write3
\r@pgf@reada=\read1
\c@pgf@counta=\count115
\c@pgf@countb=\count116
\c@pgf@countc=\count117
\c@pgf@countd=\count118
\t@pgf@toka=\toks32
\t@pgf@tokb=\toks33
\t@pgf@tokc=\toks34

(/usr/local/texlive/2016/texmf-dist/tex/generic/pgf/systemlayer/pgf.cfg
File: pgf.cfg 2008/05/14  (rcs-revision 1.7)
)
Driver file for pgf: pgfsys-pdftex.def

(/usr/local/texlive/2016/texmf-dist/tex/generic/pgf/systemlayer/pgfsys-pdftex.d
ef
File: pgfsys-pdftex.def 2014/10/11  (rcs-revision 1.35)

(/usr/local/texlive/2016/texmf-dist/tex/generic/pgf/systemlayer/pgfsys-common-p
df.def
File: pgfsys-common-pdf.def 2013/10/10  (rcs-revision 1.13)
)))
(/usr/local/texlive/2016/texmf-dist/tex/generic/pgf/systemlayer/pgfsyssoftpath.
code.tex
File: pgfsyssoftpath.code.tex 2013/09/09  (rcs-revision 1.9)
\pgfsyssoftpath@smallbuffer@items=\count119
\pgfsyssoftpath@bigbuffer@items=\count120
)
(/usr/local/texlive/2016/texmf-dist/tex/generic/pgf/systemlayer/pgfsysprotocol.
code.tex
File: pgfsysprotocol.code.tex 2006/10/16  (rcs-revision 1.4)
))
(/usr/local/texlive/2016/texmf-dist/tex/generic/pgf/basiclayer/pgfcore.code.tex
Package: pgfcore 2010/04/11 v3.0.1a (rcs-revision 1.7)
(/usr/local/texlive/2016/texmf-dist/tex/generic/pgf/math/pgfmath.code.tex
(/usr/local/texlive/2016/texmf-dist/tex/generic/pgf/math/pgfmathcalc.code.tex
(/usr/local/texlive/2016/texmf-dist/tex/generic/pgf/math/pgfmathutil.code.tex)
(/usr/local/texlive/2016/texmf-dist/tex/generic/pgf/math/pgfmathparser.code.tex
\pgfmath@dimen=\dimen153
\pgfmath@count=\count121
\pgfmath@box=\box31
\pgfmath@toks=\toks35
\pgfmath@stack@operand=\toks36
\pgfmath@stack@operation=\toks37
)
(/usr/local/texlive/2016/texmf-dist/tex/generic/pgf/math/pgfmathfunctions.code.
tex
(/usr/local/texlive/2016/texmf-dist/tex/generic/pgf/math/pgfmathfunctions.basic
.code.tex)
(/usr/local/texlive/2016/texmf-dist/tex/generic/pgf/math/pgfmathfunctions.trigo
nometric.code.tex)
(/usr/local/texlive/2016/texmf-dist/tex/generic/pgf/math/pgfmathfunctions.rando
m.code.tex)
(/usr/local/texlive/2016/texmf-dist/tex/generic/pgf/math/pgfmathfunctions.compa
rison.code.tex)
(/usr/local/texlive/2016/texmf-dist/tex/generic/pgf/math/pgfmathfunctions.base.
code.tex)
(/usr/local/texlive/2016/texmf-dist/tex/generic/pgf/math/pgfmathfunctions.round
.code.tex)
(/usr/local/texlive/2016/texmf-dist/tex/generic/pgf/math/pgfmathfunctions.misc.
code.tex)
(/usr/local/texlive/2016/texmf-dist/tex/generic/pgf/math/pgfmathfunctions.integ
erarithmetics.code.tex)))
(/usr/local/texlive/2016/texmf-dist/tex/generic/pgf/math/pgfmathfloat.code.tex
\c@pgfmathroundto@lastzeros=\count122
))
(/usr/local/texlive/2016/texmf-dist/tex/generic/pgf/basiclayer/pgfcorepoints.co
de.tex
File: pgfcorepoints.code.tex 2013/10/07  (rcs-revision 1.27)
\pgf@picminx=\dimen154
\pgf@picmaxx=\dimen155
\pgf@picminy=\dimen156
\pgf@picmaxy=\dimen157
\pgf@pathminx=\dimen158
\pgf@pathmaxx=\dimen159
\pgf@pathminy=\dimen160
\pgf@pathmaxy=\dimen161
\pgf@xx=\dimen162
\pgf@xy=\dimen163
\pgf@yx=\dimen164
\pgf@yy=\dimen165
\pgf@zx=\dimen166
\pgf@zy=\dimen167
)
(/usr/local/texlive/2016/texmf-dist/tex/generic/pgf/basiclayer/pgfcorepathconst
ruct.code.tex
File: pgfcorepathconstruct.code.tex 2013/10/07  (rcs-revision 1.29)
\pgf@path@lastx=\dimen168
\pgf@path@lasty=\dimen169
)
(/usr/local/texlive/2016/texmf-dist/tex/generic/pgf/basiclayer/pgfcorepathusage
.code.tex
File: pgfcorepathusage.code.tex 2014/11/02  (rcs-revision 1.24)
\pgf@shorten@end@additional=\dimen170
\pgf@shorten@start@additional=\dimen171
)
(/usr/local/texlive/2016/texmf-dist/tex/generic/pgf/basiclayer/pgfcorescopes.co
de.tex
File: pgfcorescopes.code.tex 2015/05/08  (rcs-revision 1.46)
\pgfpic=\box32
\pgf@hbox=\box33
\pgf@layerbox@main=\box34
\pgf@picture@serial@count=\count123
)
(/usr/local/texlive/2016/texmf-dist/tex/generic/pgf/basiclayer/pgfcoregraphicst
ate.code.tex
File: pgfcoregraphicstate.code.tex 2014/11/02  (rcs-revision 1.12)
\pgflinewidth=\dimen172
)
(/usr/local/texlive/2016/texmf-dist/tex/generic/pgf/basiclayer/pgfcoretransform
ations.code.tex
File: pgfcoretransformations.code.tex 2015/08/07  (rcs-revision 1.20)
\pgf@pt@x=\dimen173
\pgf@pt@y=\dimen174
\pgf@pt@temp=\dimen175
)
(/usr/local/texlive/2016/texmf-dist/tex/generic/pgf/basiclayer/pgfcorequick.cod
e.tex
File: pgfcorequick.code.tex 2008/10/09  (rcs-revision 1.3)
)
(/usr/local/texlive/2016/texmf-dist/tex/generic/pgf/basiclayer/pgfcoreobjects.c
ode.tex
File: pgfcoreobjects.code.tex 2006/10/11  (rcs-revision 1.2)
)
(/usr/local/texlive/2016/texmf-dist/tex/generic/pgf/basiclayer/pgfcorepathproce
ssing.code.tex
File: pgfcorepathprocessing.code.tex 2013/09/09  (rcs-revision 1.9)
)
(/usr/local/texlive/2016/texmf-dist/tex/generic/pgf/basiclayer/pgfcorearrows.co
de.tex
File: pgfcorearrows.code.tex 2015/05/14  (rcs-revision 1.43)
\pgfarrowsep=\dimen176
)
(/usr/local/texlive/2016/texmf-dist/tex/generic/pgf/basiclayer/pgfcoreshade.cod
e.tex
File: pgfcoreshade.code.tex 2013/07/15  (rcs-revision 1.15)
\pgf@max=\dimen177
\pgf@sys@shading@range@num=\count124
)
(/usr/local/texlive/2016/texmf-dist/tex/generic/pgf/basiclayer/pgfcoreimage.cod
e.tex
File: pgfcoreimage.code.tex 2013/07/15  (rcs-revision 1.18)

(/usr/local/texlive/2016/texmf-dist/tex/generic/pgf/basiclayer/pgfcoreexternal.
code.tex
File: pgfcoreexternal.code.tex 2014/07/09  (rcs-revision 1.21)
\pgfexternal@startupbox=\box35
))
(/usr/local/texlive/2016/texmf-dist/tex/generic/pgf/basiclayer/pgfcorelayers.co
de.tex
File: pgfcorelayers.code.tex 2013/07/18  (rcs-revision 1.7)
)
(/usr/local/texlive/2016/texmf-dist/tex/generic/pgf/basiclayer/pgfcoretranspare
ncy.code.tex
File: pgfcoretransparency.code.tex 2013/09/30  (rcs-revision 1.5)
)
(/usr/local/texlive/2016/texmf-dist/tex/generic/pgf/basiclayer/pgfcorepatterns.
code.tex
File: pgfcorepatterns.code.tex 2013/11/07  (rcs-revision 1.5)
)))
(/usr/local/texlive/2016/texmf-dist/tex/generic/pgf/modules/pgfmoduleshapes.cod
e.tex
File: pgfmoduleshapes.code.tex 2014/03/21  (rcs-revision 1.35)
\pgfnodeparttextbox=\box36
)
(/usr/local/texlive/2016/texmf-dist/tex/generic/pgf/modules/pgfmoduleplot.code.
tex
File: pgfmoduleplot.code.tex 2015/08/03  (rcs-revision 1.13)
)
(/usr/local/texlive/2016/texmf-dist/tex/latex/pgf/compatibility/pgfcomp-version
-0-65.sty
Package: pgfcomp-version-0-65 2007/07/03 v3.0.1a (rcs-revision 1.7)
\pgf@nodesepstart=\dimen178
\pgf@nodesepend=\dimen179
)
(/usr/local/texlive/2016/texmf-dist/tex/latex/pgf/compatibility/pgfcomp-version
-1-18.sty
Package: pgfcomp-version-1-18 2007/07/23 v3.0.1a (rcs-revision 1.1)
))
(/usr/local/texlive/2016/texmf-dist/tex/latex/pgf/utilities/pgffor.sty
(/usr/local/texlive/2016/texmf-dist/tex/latex/pgf/utilities/pgfkeys.sty
(/usr/local/texlive/2016/texmf-dist/tex/generic/pgf/utilities/pgfkeys.code.tex)
) (/usr/local/texlive/2016/texmf-dist/tex/latex/pgf/math/pgfmath.sty
(/usr/local/texlive/2016/texmf-dist/tex/generic/pgf/math/pgfmath.code.tex))
(/usr/local/texlive/2016/texmf-dist/tex/generic/pgf/utilities/pgffor.code.tex
Package: pgffor 2013/12/13 v3.0.1a (rcs-revision 1.25)

(/usr/local/texlive/2016/texmf-dist/tex/generic/pgf/math/pgfmath.code.tex)
\pgffor@iter=\dimen180
\pgffor@skip=\dimen181
\pgffor@stack=\toks38
\pgffor@toks=\toks39
))
(/usr/local/texlive/2016/texmf-dist/tex/generic/pgf/frontendlayer/tikz/tikz.cod
e.tex
Package: tikz 2015/08/07 v3.0.1a (rcs-revision 1.151)

(/usr/local/texlive/2016/texmf-dist/tex/generic/pgf/libraries/pgflibraryplothan
dlers.code.tex
File: pgflibraryplothandlers.code.tex 2013/08/31 v3.0.1a (rcs-revision 1.20)
\pgf@plot@mark@count=\count125
\pgfplotmarksize=\dimen182
)
\tikz@lastx=\dimen183
\tikz@lasty=\dimen184
\tikz@lastxsaved=\dimen185
\tikz@lastysaved=\dimen186
\tikzleveldistance=\dimen187
\tikzsiblingdistance=\dimen188
\tikz@figbox=\box37
\tikz@figbox@bg=\box38
\tikz@tempbox=\box39
\tikz@tempbox@bg=\box40
\tikztreelevel=\count126
\tikznumberofchildren=\count127
\tikznumberofcurrentchild=\count128
\tikz@fig@count=\count129

(/usr/local/texlive/2016/texmf-dist/tex/generic/pgf/modules/pgfmodulematrix.cod
e.tex
File: pgfmodulematrix.code.tex 2013/09/17  (rcs-revision 1.8)
\pgfmatrixcurrentrow=\count130
\pgfmatrixcurrentcolumn=\count131
\pgf@matrix@numberofcolumns=\count132
)
\tikz@expandcount=\count133

(/usr/local/texlive/2016/texmf-dist/tex/generic/pgf/frontendlayer/tikz/librarie
s/tikzlibrarytopaths.code.tex
File: tikzlibrarytopaths.code.tex 2008/06/17 v3.0.1a (rcs-revision 1.2)
)))
(/usr/local/texlive/2016/texmf-dist/tex/generic/pgf/frontendlayer/tikz/librarie
s/tikzlibrarypositioning.code.tex
File: tikzlibrarypositioning.code.tex 2008/10/06 v3.0.1a (rcs-revision 1.7)
)
(/usr/local/texlive/2016/texmf-dist/tex/latex/tools/calc.sty
Package: calc 2014/10/28 v4.3 Infix arithmetic (KKT,FJ)
\calc@Acount=\count134
\calc@Bcount=\count135
\calc@Adimen=\dimen189
\calc@Bdimen=\dimen190
\calc@Askip=\skip75
\calc@Bskip=\skip76
LaTeX Info: Redefining \setlength on input line 80.
LaTeX Info: Redefining \addtolength on input line 81.
\calc@Ccount=\count136
\calc@Cskip=\skip77
)
\c@@todonotes@numberoftodonotes=\count137
)
(/usr/local/texlive/2016/texmf-dist/tex/latex/psnfss/times.sty
Package: times 2005/04/12 PSNFSS-v9.2a (SPQR) 
)
(/usr/local/texlive/2016/texmf-dist/tex/latex/float/float.sty
Package: float 2001/11/08 v1.3d Float enhancements (AL)
\c@float@type=\count138
\float@exts=\toks40
\float@box=\box41
\@float@everytoks=\toks41
\@floatcapt=\box42
)
(/usr/local/texlive/2016/texmf-dist/tex/latex/url/url.sty
\Urlmuskip=\muskip11
Package: url 2013/09/16  ver 3.4  Verb mode for urls, etc.
)
(/usr/local/texlive/2016/texmf-dist/tex/latex/comment/comment.sty
\CommentStream=\write4

Excluding comment 'comment')
(/usr/local/texlive/2016/texmf-dist/tex/latex/tools/tabularx.sty
Package: tabularx 2016/02/03 v2.11 `tabularx' package (DPC)

(/usr/local/texlive/2016/texmf-dist/tex/latex/tools/array.sty
Package: array 2014/10/28 v2.4c Tabular extension package (FMi)
\col@sep=\dimen191
\extrarowheight=\dimen192
\NC@list=\toks42
\extratabsurround=\skip78
\backup@length=\skip79
)
\TX@col@width=\dimen193
\TX@old@table=\dimen194
\TX@old@col=\dimen195
\TX@target=\dimen196
\TX@delta=\dimen197
\TX@cols=\count139
\TX@ftn=\toks43
)
No file main.aux.
\openout1 = `main.aux'.

LaTeX Font Info:    Checking defaults for OML/cmm/m/it on input line 36.
LaTeX Font Info:    ... okay on input line 36.
LaTeX Font Info:    Checking defaults for T1/cmr/m/n on input line 36.
LaTeX Font Info:    ... okay on input line 36.
LaTeX Font Info:    Checking defaults for OT1/cmr/m/n on input line 36.
LaTeX Font Info:    ... okay on input line 36.
LaTeX Font Info:    Checking defaults for OMS/cmsy/m/n on input line 36.
LaTeX Font Info:    ... okay on input line 36.
LaTeX Font Info:    Checking defaults for OMX/cmex/m/n on input line 36.
LaTeX Font Info:    ... okay on input line 36.
LaTeX Font Info:    Checking defaults for U/cmr/m/n on input line 36.
LaTeX Font Info:    ... okay on input line 36.
LaTeX Font Info:    Try loading font information for T1+ptm on input line 36.
(/usr/local/texlive/2016/texmf-dist/tex/latex/psnfss/t1ptm.fd
File: t1ptm.fd 2001/06/04 font definitions for T1/ptm.
)
\c@maskedRefs=\count140

(/usr/local/texlive/2016/texmf-dist/tex/latex/apacite/english.apc
File: english.apc 2013/07/21 v6.03 apacite language file
LaTeX Info: Redefining \BPBI on input line 129.
LaTeX Info: Redefining \BHBI on input line 130.
)
*geometry* driver: auto-detecting
*geometry* detected driver: pdftex
*geometry* verbose mode - [ preamble ] result:
* driver: pdftex
* paper: a4paper
* layout: <same size as paper>
* layoutoffset:(h,v)=(0.0pt,0.0pt)
* modes: twoside 
* h-part:(L,W,R)=(72.26999pt, 452.9679pt, 72.26999pt)
* v-part:(T,H,B)=(72.26999pt, 700.50687pt, 72.26999pt)
* \paperwidth=597.50787pt
* \paperheight=845.04684pt
* \textwidth=433.62pt
* \textheight=614.295pt
* \oddsidemargin=18.06749pt
* \evensidemargin=18.06749pt
* \topmargin=-18.06749pt
* \headheight=15.2pt
* \headsep=25.0pt
* \topskip=11.0pt
* \footskip=30.0pt
* \marginparwidth=113.0pt
* \marginparsep=10.0pt
* \columnsep=10.0pt
* \skip\footins=10.0pt plus 4.0pt minus 2.0pt
* \hoffset=0.0pt
* \voffset=0.0pt
* \mag=1000
* \@twocolumnfalse
* \@twosidetrue
* \@mparswitchtrue
* \@reversemarginfalse
* (1in=72.27pt=25.4mm, 1cm=28.453pt)

(/usr/local/texlive/2016/texmf-dist/tex/context/base/mkii/supp-pdf.mkii
[Loading MPS to PDF converter (version 2006.09.02).]
\scratchcounter=\count141
\scratchdimen=\dimen198
\scratchbox=\box43
\nofMPsegments=\count142
\nofMParguments=\count143
\everyMPshowfont=\toks44
\MPscratchCnt=\count144
\MPscratchDim=\dimen199
\MPnumerator=\count145
\makeMPintoPDFobject=\count146
\everyMPtoPDFconversion=\toks45
) (/usr/local/texlive/2016/texmf-dist/tex/generic/oberdiek/pdftexcmds.sty
Package: pdftexcmds 2016/05/10 v0.21 Utility functions of pdfTeX for LuaTeX (HO
)

(/usr/local/texlive/2016/texmf-dist/tex/generic/oberdiek/ifluatex.sty
Package: ifluatex 2016/05/16 v1.4 Provides the ifluatex switch (HO)
Package ifluatex Info: LuaTeX not detected.
)
Package pdftexcmds Info: LuaTeX not detected.
Package pdftexcmds Info: \pdf@primitive is available.
Package pdftexcmds Info: \pdf@ifprimitive is available.
Package pdftexcmds Info: \pdfdraftmode found.
)
(/usr/local/texlive/2016/texmf-dist/tex/latex/oberdiek/epstopdf-base.sty
Package: epstopdf-base 2016/05/15 v2.6 Base part for package epstopdf

(/usr/local/texlive/2016/texmf-dist/tex/latex/oberdiek/grfext.sty
Package: grfext 2016/05/16 v1.2 Manage graphics extensions (HO)

(/usr/local/texlive/2016/texmf-dist/tex/generic/oberdiek/kvdefinekeys.sty
Package: kvdefinekeys 2016/05/16 v1.4 Define keys (HO)
))
(/usr/local/texlive/2016/texmf-dist/tex/latex/oberdiek/kvoptions.sty
Package: kvoptions 2016/05/16 v3.12 Key value format for package options (HO)

(/usr/local/texlive/2016/texmf-dist/tex/generic/oberdiek/kvsetkeys.sty
Package: kvsetkeys 2016/05/16 v1.17 Key value parser (HO)

(/usr/local/texlive/2016/texmf-dist/tex/generic/oberdiek/etexcmds.sty
Package: etexcmds 2016/05/16 v1.6 Avoid name clashes with e-TeX commands (HO)
Package etexcmds Info: Could not find \expanded.
(etexcmds)             That can mean that you are not using pdfTeX 1.50 or
(etexcmds)             that some package has redefined \expanded.
(etexcmds)             In the latter case, load this package earlier.
)))
Package grfext Info: Graphics extension search list:
(grfext)             [.png,.pdf,.jpg,.mps,.jpeg,.jbig2,.jb2,.PNG,.PDF,.JPG,.JPE
G,.JBIG2,.JB2,.eps]
(grfext)             \AppendGraphicsExtensions on input line 456.

(/usr/local/texlive/2016/texmf-dist/tex/latex/latexconfig/epstopdf-sys.cfg
File: epstopdf-sys.cfg 2010/07/13 v1.3 Configuration of (r)epstopdf for TeX Liv
e
))
(/usr/local/texlive/2016/texmf-dist/tex/latex/apa6/config/APAamerican.txt
File: APAamerican.txt 2012/02/23 v1.25 apa6 configuration for American English
)
Package caption Info: Begin \AtBeginDocument code.
Package caption Info: float package is loaded.
Package caption Info: End \AtBeginDocument code.

(/usr/local/texlive/2016/texmf-dist/tex/latex/ucs/ucsencs.def
File: ucsencs.def 2011/01/21 Fixes to fontencodings LGR, T3
)
ABD: EveryShipout initializing macros
Class apa6 Info: Keywords not defined on input line 37.

Using title for running head
LaTeX Font Info:    Try loading font information for OT1+lmr on input line 37.
(/usr/local/texlive/2016/texmf-dist/tex/latex/lm/ot1lmr.fd
File: ot1lmr.fd 2009/10/30 v1.6 Font defs for Latin Modern
)
LaTeX Font Info:    Try loading font information for OML+lmm on input line 37.

(/usr/local/texlive/2016/texmf-dist/tex/latex/lm/omllmm.fd
File: omllmm.fd 2009/10/30 v1.6 Font defs for Latin Modern
)
LaTeX Font Info:    Try loading font information for OMS+lmsy on input line 37.


(/usr/local/texlive/2016/texmf-dist/tex/latex/lm/omslmsy.fd
File: omslmsy.fd 2009/10/30 v1.6 Font defs for Latin Modern
)
LaTeX Font Info:    Try loading font information for OMX+lmex on input line 37.


(/usr/local/texlive/2016/texmf-dist/tex/latex/lm/omxlmex.fd
File: omxlmex.fd 2009/10/30 v1.6 Font defs for Latin Modern
)
LaTeX Font Info:    External font `lmex10' loaded for size
(Font)              <14.4> on input line 37.
LaTeX Font Info:    External font `lmex10' loaded for size
(Font)              <10> on input line 37.
LaTeX Font Info:    External font `lmex10' loaded for size
(Font)              <7> on input line 37.
LaTeX Font Info:    External font `lmex10' loaded for size
(Font)              <10.95> on input line 37.
LaTeX Font Info:    External font `lmex10' loaded for size
(Font)              <8> on input line 37.
LaTeX Font Info:    External font `lmex10' loaded for size
(Font)              <6> on input line 37.
LaTeX Font Info:    Font shape `T1/ptm/bx/n' in size <10.95> not available
(Font)              Font shape `T1/ptm/b/n' tried instead on input line 39.


Package natbib Warning: Citation `Austin1996' on page 1 undefined on input line
 41.


Package natbib Warning: Citation `Steel2006' on page 1 undefined on input line 
41.


Package natbib Warning: Citation `Ariely2002' on page 1 undefined on input line
 41.


Package natbib Warning: Citation `Arkes1985' on page 1 undefined on input line 
41.


Package natbib Warning: Citation `Olivola2018' on page 1 undefined on input lin
e 41.


Package natbib Warning: Citation `Hannah2014' on page 1 undefined on input line
 41.


Package natbib Warning: Citation `Carver1990' on page 1 undefined on input line
 43.


Package natbib Warning: Citation `Bonezzi2011' on page 1 undefined on input lin
e 43.


Package natbib Warning: Citation `Steel2006' on page 1 undefined on input line 
43.


Package natbib Warning: Citation `Brehm1989' on page 1 undefined on input line 
43.


Package natbib Warning: Citation `Wright2008' on page 1 undefined on input line
 43.


Package natbib Warning: Citation `Cryder2013' on page 1 undefined on input line
 43.


Package natbib Warning: Citation `Hull1932' on page 1 undefined on input line 4
3.


Package natbib Warning: Citation `Carver1998' on page 1 undefined on input line
 43.


Package natbib Warning: Citation `Powers1978' on page 1 undefined on input line
 43.

[1

{/usr/local/texlive/2016/texmf-var/fonts/map/pdftex/updmap/pdftex.map}]

Package natbib Warning: Citation `Austin1996' on page 2 undefined on input line
 56.


Package natbib Warning: Citation `Carver1998' on page 2 undefined on input line
 56.


Package natbib Warning: Citation `Neal' on page 2 undefined on input line 56.


Package natbib Warning: Citation `Lewin1935' on page 2 undefined on input line 
60.


Package natbib Warning: Citation `Hull1938' on page 2 undefined on input line 6
0.


Package natbib Warning: Citation `Berg1942' on page 2 undefined on input line 6
2.


Package natbib Warning: Citation `Anderson1933' on page 2 undefined on input li
ne 62.


Package natbib Warning: Citation `Weiss1960' on page 2 undefined on input line 
62.


Package natbib Warning: Citation `Kivetz2006' on page 2 undefined on input line
 62.


Package natbib Warning: Citation `Cryder2013' on page 2 undefined on input line
 62.


Package natbib Warning: Citation `Schmidt2007' on page 2 undefined on input lin
e 62.

[2]

Package natbib Warning: Citation `Kivetz2006' on page 3 undefined on input line
 64.


Package natbib Warning: Citation `Bonezzi2011' on page 3 undefined on input lin
e 64.


Package natbib Warning: Citation `Forster1998' on page 3 undefined on input lin
e 66.


Package natbib Warning: Citation `Bonezzi2011' on page 3 undefined on input lin
e 73.


Package natbib Warning: Citation `Liberman2008' on page 3 undefined on input li
ne 73.


Package natbib Warning: Citation `Louro2007' on page 3 undefined on input line 
73.


Package natbib Warning: Citation `Schmidt2007' on page 3 undefined on input lin
e 75.


Package natbib Warning: Citation `Ballard2017' on page 3 undefined on input lin
e 75.


Package natbib Warning: Citation `Powers1973' on page 3 undefined on input line
 81.


Package natbib Warning: Citation `Powers1978' on page 3 undefined on input line
 81.


Package natbib Warning: Citation `Klein1989' on page 3 undefined on input line 
81.


Package natbib Warning: Citation `Lord1994' on page 3 undefined on input line 8
1.


Package natbib Warning: Citation `Carver1990' on page 3 undefined on input line
 81.


Package natbib Warning: Citation `Jagacinski2003' on page 3 undefined on input 
line 81.


Package natbib Warning: Citation `Higgins1997' on page 3 undefined on input lin
e 81.


Package natbib Warning: Citation `Trew2011' on page 3 undefined on input line 8
1.

[3]

Package natbib Warning: Citation `Deshon2005' on page 4 undefined on input line
 83.


Package natbib Warning: Citation `Unsworth2009' on page 4 undefined on input li
ne 83.


Package natbib Warning: Citation `Kernan1990' on page 4 undefined on input line
 83.


Package natbib Warning: Citation `Campion1982' on page 4 undefined on input lin
e 83.


Package natbib Warning: Citation `Schmidt2007' on page 4 undefined on input lin
e 83.


Package natbib Warning: Citation `Schmidt2009' on page 4 undefined on input lin
e 83.


Package natbib Warning: Citation `Schmidt2009a' on page 4 undefined on input li
ne 83.


Package natbib Warning: Citation `Ballard2016c' on page 4 undefined on input li
ne 83.


Package natbib Warning: Citation `Carver1998' on page 4 undefined on input line
 85.


Package natbib Warning: Citation `Ballard2016c' on page 4 undefined on input li
ne 85.


Package natbib Warning: Citation `Ballard2016c' on page 4 undefined on input li
ne 85.


Package natbib Warning: Citation `Ballard2016b' on page 4 undefined on input li
ne 85.


Package natbib Warning: Citation `Ballard2018' on page 4 undefined on input lin
e 85.


Package natbib Warning: Citation `Hull1938' on page 4 undefined on input line 1
00.


Package natbib Warning: Citation `Vancouver2005' on page 4 undefined on input l
ine 100.


Package natbib Warning: Citation `Kahneman1979' on page 4 undefined on input li
ne 100.


LaTeX Warning: Reference `SGequn' on page 4 undefined on input line 100.


Package natbib Warning: Citation `Bonezzi2011' on page 4 undefined on input lin
e 100.


LaTeX Warning: Reference `SGequn' on page 4 undefined on input line 100.


LaTeX Warning: Reference `fig:hypothetical_gradients' on page 4 undefined on in
put line 102.

[4] <hypothetical_gradients.pdf, id=27, 578.16pt x 433.62pt>
File: hypothetical_gradients.pdf Graphic file (type pdf)

<use hypothetical_gradients.pdf>
Package pdftex.def Info: hypothetical_gradients.pdf used on input line 106.
(pdftex.def)             Requested size: 433.62pt x 325.2142pt.


Package natbib Warning: Citation `Dai2014' on page 5 undefined on input line 11
3.


Package natbib Warning: Citation `Murphy2001' on page 5 undefined on input line
 113.


Package natbib Warning: Citation `Green1994' on page 5 undefined on input line 
113.


Package natbib Warning: Citation `Kirby1995' on page 5 undefined on input line 
113.


Package natbib Warning: Citation `Estle2006' on page 5 undefined on input line 
113.


Package natbib Warning: Citation `Murphy2001' on page 5 undefined on input line
 114.


Package natbib Warning: Citation `Goncalves2015' on page 5 undefined on input l
ine 114.


Package natbib Warning: Citation `Estle2006' on page 5 undefined on input line 
114.

[5 <./hypothetical_gradients.pdf>]

Package natbib Warning: Citation `Odum2003' on page 6 undefined on input line 1
16.


Package natbib Warning: Citation `Bashir2014' on page 6 undefined on input line
 116.


Package natbib Warning: Citation `Ballard2018' on page 6 undefined on input lin
e 118.

[6]

Package natbib Warning: Citation `Ainslie1975' on page 7 undefined on input lin
e 132.


Package natbib Warning: Citation `Steel2006' on page 7 undefined on input line 
132.


LaTeX Warning: Reference `fig:hypothetical_gradients' on page 7 undefined on in
put line 132.


Package natbib Warning: Citation `Vroom1964' on page 7 undefined on input line 
142.


Package natbib Warning: Citation `Bandura1977' on page 7 undefined on input lin
e 142.


Package natbib Warning: Citation `Locke1990' on page 7 undefined on input line 
142.


Package natbib Warning: Citation `Bandura1977' on page 7 undefined on input lin
e 142.


Package natbib Warning: Citation `Vroom1964' on page 7 undefined on input line 
142.


Package natbib Warning: Citation `Steel2006' on page 7 undefined on input line 
142.


Package natbib Warning: Citation `vonNeumann1947' on page 7 undefined on input 
line 142.


Package natbib Warning: Citation `Luce1957' on page 7 undefined on input line 1
42.


Package natbib Warning: Citation `Liberman2008' on page 7 undefined on input li
ne 144.


Package natbib Warning: Citation `Vancouver2010' on page 7 undefined on input l
ine 144.

[7]

Package natbib Warning: Citation `Hendy1997' on page 8 undefined on input line 
153.


Package natbib Warning: Citation `Hockey1997' on page 8 undefined on input line
 153.


Package natbib Warning: Citation `Kool2010' on page 8 undefined on input line 1
53.


Package natbib Warning: Citation `Westbrook2015' on page 8 undefined on input l
ine 153.


Package natbib Warning: Citation `Libedinsky2013' on page 8 undefined on input 
line 155.


Package natbib Warning: Citation `Westbrook2013' on page 8 undefined on input l
ine 155.


Package natbib Warning: Citation `Bryan1967' on page 8 undefined on input line 
155.


Package natbib Warning: Citation `Latham1975' on page 8 undefined on input line
 155.


Package natbib Warning: Citation `Peters1984' on page 8 undefined on input line
 155.


Package natbib Warning: Citation `Hendy1997' on page 8 undefined on input line 
155.


Package natbib Warning: Citation `Carver1998' on page 8 undefined on input line
 162.


Package natbib Warning: Citation `Louro2007' on page 8 undefined on input line 
162.


Package natbib Warning: Citation `Schmidt2009' on page 8 undefined on input lin
e 162.


Package natbib Warning: Citation `Vancouver2010' on page 8 undefined on input l
ine 162.


Package natbib Warning: Citation `Atkinson1970' on page 8 undefined on input li
ne 164.


Package natbib Warning: Citation `Brehm1989' on page 8 undefined on input line 
164.


Package natbib Warning: Citation `Kukla1972' on page 8 undefined on input line 
164.


Package natbib Warning: Citation `Kruschke2012' on page 8 undefined on input li
ne 164.


Package natbib Warning: Citation `Wright2008' on page 8 undefined on input line
 164.


Package natbib Warning: Citation `Wright1986' on page 8 undefined on input line
 164.


Package natbib Warning: Citation `Karabenick1968' on page 8 undefined on input 
line 164.


Package natbib Warning: Citation `Biner1987' on page 8 undefined on input line 
164.


Package natbib Warning: Citation `Brehm1983' on page 8 undefined on input line 
164.


Package natbib Warning: Citation `Vancouver2008' on page 8 undefined on input l
ine 164.


Package natbib Warning: Citation `Louro2007' on page 8 undefined on input line 
164.

[8]

LaTeX Warning: Reference `fig:hypothetical_gradients' on page 9 undefined on in
put line 182.

[9]

Package natbib Warning: Citation `Austin1996' on page 10 undefined on input lin
e 198.


Package natbib Warning: Citation `Kool2014' on page 10 undefined on input line 
198.


Package natbib Warning: Citation `Kool2010' on page 10 undefined on input line 
198.

[10]
LaTeX Font Info:    External font `lmex10' loaded for size
(Font)              <9> on input line 217.
LaTeX Font Info:    External font `lmex10' loaded for size
(Font)              <5> on input line 217.
 [11] [12]

LaTeX Warning: Reference `fig:descriptives' on page 13 undefined on input line 
254.

[13] <descriptive_gradient.pdf, id=73, 867.24pt x 433.62pt>
File: descriptive_gradient.pdf Graphic file (type pdf)

<use descriptive_gradient.pdf>
Package pdftex.def Info: descriptive_gradient.pdf used on input line 259.
(pdftex.def)             Requested size: 433.62pt x 216.80946pt.
 [14 <./descriptive_gradient.pdf>] [15]

Package natbib Warning: Citation `Carpenter2017' on page 16 undefined on input 
line 275.


LaTeX Warning: Reference `eq:logistic' on page 16 undefined on input line 275.


Package natbib Warning: Citation `Kruschke2012' on page 16 undefined on input l
ine 279.


LaTeX Warning: Reference `fig:predictives_scatter' on page 16 undefined on inpu
t line 281.

<predictives_scatterplot.png, id=86, 1806.75pt x 1505.625pt>
File: predictives_scatterplot.png Graphic file (type png)

<use predictives_scatterplot.png>
Package pdftex.def Info: predictives_scatterplot.png used on input line 286.
(pdftex.def)             Requested size: 346.89731pt x 289.08131pt.


LaTeX Warning: `!h' float specifier changed to `!ht'.


LaTeX Warning: Reference `fig:mean_gradients' on page 16 undefined on input lin
e 292.


LaTeX Warning: Reference `fig:descriptives' on page 16 undefined on input line 
292.


LaTeX Warning: Reference `fig:mean_gradients' on page 16 undefined on input lin
e 292.


LaTeX Warning: Reference `fig:mean_gradients' on page 16 undefined on input lin
e 292.

[16]

LaTeX Warning: Reference `fig:mean_gradients' on page 17 undefined on input lin
e 299.

[17 <./predictives_scatterplot.png>]
<mean_gradients.pdf, id=95, 867.24pt x 433.62pt>
File: mean_gradients.pdf Graphic file (type pdf)
 <use mean_gradients.pdf>
Package pdftex.def Info: mean_gradients.pdf used on input line 308.
(pdftex.def)             Requested size: 433.62pt x 216.80946pt.


LaTeX Warning: Reference `fig:mean_gradients' on page 18 undefined on input lin
e 316.

[18 <./mean_gradients.pdf>]

LaTeX Warning: Reference `fig:ids_in_each_gradient' on page 19 undefined on inp
ut line 326.

<ids_in_each_gradient.pdf, id=108, 867.24pt x 722.7pt>
File: ids_in_each_gradient.pdf Graphic file (type pdf)

<use ids_in_each_gradient.pdf>
Package pdftex.def Info: ids_in_each_gradient.pdf used on input line 330.
(pdftex.def)             Requested size: 433.62pt x 361.3491pt.


LaTeX Warning: `!h' float specifier changed to `!ht'.


LaTeX Warning: Reference `fig:ids_in_each_gradient' on page 19 undefined on inp
ut line 337.

[19]

LaTeX Warning: Reference `fig:ids_in_each_gradient' on page 20 undefined on inp
ut line 345.


LaTeX Warning: Reference `fig:ids_in_each_gradient' on page 20 undefined on inp
ut line 349.

[20 <./ids_in_each_gradient.pdf>] [21]

LaTeX Warning: Reference `fig:gradients' on page 22 undefined on input line 363
.


LaTeX Warning: Reference `fig:Gradients' on page 22 undefined on input line 363
.

<overall_motivation.png, id=128, 1806.75pt x 2710.125pt>
File: overall_motivation.png Graphic file (type png)

<use overall_motivation.png>
Package pdftex.def Info: overall_motivation.png used on input line 369.
(pdftex.def)             Requested size: 390.25534pt x 585.35349pt.


LaTeX Warning: Float too large for page by 93.45853pt on input line 371.


LaTeX Warning: `!h' float specifier changed to `!ht'.


LaTeX Warning: Reference `fig:gradients' on page 22 undefined on input line 373
.

[22]

Package natbib Warning: Citation `Hutchinson2000' on page 23 undefined on input
 line 388.


LaTeX Warning: Reference `fig:normative_gradients' on page 23 undefined on inpu
t line 390.


LaTeX Warning: Reference `fig:normative_gradients' on page 23 undefined on inpu
t line 390.

[23] <normative_gradient.pdf, id=135, 867.24pt x 433.62pt>
File: normative_gradient.pdf Graphic file (type pdf)

<use normative_gradient.pdf>
Package pdftex.def Info: normative_gradient.pdf used on input line 397.
(pdftex.def)             Requested size: 390.25534pt x 195.1272pt.


LaTeX Warning: `!h' float specifier changed to `!ht'.


LaTeX Warning: Reference `fig:hypothetical_gradients' on page 24 undefined on i
nput line 404.

[24]

Package natbib Warning: Citation `Ratcliff2018a' on page 25 undefined on input 
line 414.


Package natbib Warning: Citation `Ratcliff1978' on page 25 undefined on input l
ine 414.


Package natbib Warning: Citation `Ratcliff2008' on page 25 undefined on input l
ine 414.


Package natbib Warning: Citation `Brown2008' on page 25 undefined on input line
 414.


Package natbib Warning: Citation `Ratcliff1998' on page 25 undefined on input l
ine 416.


Package natbib Warning: Citation `Pleskac2018' on page 25 undefined on input li
ne 416.


Package natbib Warning: Citation `Usher2001' on page 25 undefined on input line
 416.


Package natbib Warning: Citation `Rae2014' on page 25 undefined on input line 4
16.


Package natbib Warning: Citation `Rae2014' on page 25 undefined on input line 4
16.


Package natbib Warning: Citation `Palada2018' on page 25 undefined on input lin
e 416.

[25]

Package natbib Warning: Citation `Heath1999' on page 26 undefined on input line
 418.


Package natbib Warning: Citation `Wang2012a' on page 26 undefined on input line
 418.


Package natbib Warning: Citation `Westbrook2013' on page 26 undefined on input 
line 420.


Package natbib Warning: Citation `Westbrook2015' on page 26 undefined on input 
line 420.


Package natbib Warning: Citation `Kool2010' on page 26 undefined on input line 
420.


Package natbib Warning: Citation `Inzlicht2018' on page 26 undefined on input l
ine 420.


Package natbib Warning: Citation `Botvinick2009' on page 26 undefined on input 
line 420.


Package natbib Warning: Citation `Libedinsky2013' on page 26 undefined on input
 line 420.


Package natbib Warning: Citation `Turner2016' on page 26 undefined on input lin
e 422.


Package natbib Warning: Citation `Palmeri2017' on page 26 undefined on input li
ne 422.


Package natbib Warning: Citation `Palestro2018' on page 26 undefined on input l
ine 422.


Package natbib Warning: Citation `Wager2003' on page 26 undefined on input line
 422.


Package natbib Warning: Citation `Rutherford2011' on page 26 undefined on input
 line 422.

[26]

Package natbib Warning: Citation `Roe2001' on page 27 undefined on input line 4
26.


Package natbib Warning: Citation `Noguchi2018' on page 27 undefined on input li
ne 426.


Package natbib Warning: Citation `Trueblood2015' on page 27 undefined on input 
line 426.


Package natbib Warning: Citation `Bhatia2013' on page 27 undefined on input lin
e 426.


Package natbib Warning: Citation `Usher2004' on page 27 undefined on input line
 426.


Package natbib Warning: Citation `Schulte-Mecklenbeck2017' on page 27 undefined
 on input line 426.


Package natbib Warning: Citation `Simon1956' on page 27 undefined on input line
 430.


Package natbib Warning: Citation `Gigerenzer1996' on page 27 undefined on input
 line 430.

[27] [28 <./overall_motivation.png>] [29 <./normative_gradient.pdf>]
No file main.bbl.
<GoalAchievement-Distance.pdf, id=163, 505.89pt x 433.62pt>
File: GoalAchievement-Distance.pdf Graphic file (type pdf)

<use GoalAchievement-Distance.pdf>
Package pdftex.def Info: GoalAchievement-Distance.pdf used on input line 447.
(pdftex.def)             Requested size: 433.62pt x 371.68188pt.
 [30


 <./GoalAchievement-Distance.pdf>]
File: GoalAchievement-Distance.pdf Graphic file (type pdf)

<use GoalAchievement-Distance.pdf>
Package pdftex.def Info: GoalAchievement-Distance.pdf used on input line 455.
(pdftex.def)             Requested size: 433.62pt x 371.68188pt.
 [31

]

Package natbib Warning: There were undefined citations.

[32

] (./main.aux)

LaTeX Warning: There were undefined references.


LaTeX Warning: Label(s) may have changed. Rerun to get cross-references right.

 ) 
Here is how much of TeX's memory you used:
 16837 strings out of 493014
 314542 string characters out of 6133351
 379559 words of memory out of 5000000
 19972 multiletter control sequences out of 15000+600000
 87235 words of font info for 83 fonts, out of 8000000 for 9000
 1141 hyphenation exceptions out of 8191
 62i,12n,56p,2410b,373s stack positions out of 5000i,500n,10000p,200000b,80000s
{/usr/local/texlive/2016/texmf-dist/fonts/enc/dvips/lm/lm-rm.enc}{/usr/local/
texlive/2016/texmf-dist/fonts/enc/dvips/lm/lm-mathsy.enc}{/usr/local/texlive/20
16/texmf-dist/fonts/enc/dvips/lm/lm-mathex.enc}{/usr/local/texlive/2016/texmf-d
ist/fonts/enc/dvips/lm/lm-mathit.enc}{/usr/local/texlive/2016/texmf-dist/fonts/
enc/dvips/base/8r.enc}</usr/local/texlive/2016/texmf-dist/fonts/type1/public/lm
/lmex10.pfb></usr/local/texlive/2016/texmf-dist/fonts/type1/public/lm/lmmi10.pf
b></usr/local/texlive/2016/texmf-dist/fonts/type1/public/lm/lmmi8.pfb></usr/loc
al/texlive/2016/texmf-dist/fonts/type1/public/lm/lmr10.pfb></usr/local/texlive/
2016/texmf-dist/fonts/type1/public/lm/lmr8.pfb></usr/local/texlive/2016/texmf-d
ist/fonts/type1/public/lm/lmsy10.pfb></usr/local/texlive/2016/texmf-dist/fonts/
type1/public/lm/lmsy8.pfb></usr/local/texlive/2016/texmf-dist/fonts/type1/urw/t
imes/utmb8a.pfb></usr/local/texlive/2016/texmf-dist/fonts/type1/urw/times/utmr8
a.pfb></usr/local/texlive/2016/texmf-dist/fonts/type1/urw/times/utmri8a.pfb>
Output written on main.pdf (32 pages, 3634911 bytes).
PDF statistics:
 219 PDF objects out of 1000 (max. 8388607)
 149 compressed objects within 2 object streams
 0 named destinations out of 1000 (max. 500000)
 53 words of extra memory for PDF output out of 10000 (max. 10000000)

